<?xml version="1.0" encoding="UTF-8"?>
<testng-results retried="3" ignored="3" total="13" passed="6" failed="1" skipped="0">
  <reporter-output>
  </reporter-output>
  <suite started-at="2025-05-18T18:59:08 IST" name="All Test Suite" finished-at="2025-05-18T19:00:46 IST" duration-ms="98594">
    <groups>
      <group name="UI">
        <method signature="Selenium_Suite_parallel.DragAndDrop()[pri:4, instance:SeleniumTopic.Selenium_Suite_parallel@5fe94a96]" name="DragAndDrop" class="SeleniumTopic.Selenium_Suite_parallel"/>
      </group> <!-- UI -->
      <group name="Regression">
        <method signature="Selenium_Suite_parallel.Scroll_using_javascript_bottom_page()[pri:2, instance:SeleniumTopic.Selenium_Suite_parallel@5fe94a96]" name="Scroll_using_javascript_bottom_page" class="SeleniumTopic.Selenium_Suite_parallel"/>
        <method signature="Selenium_Suite_parallel.Scroll_using_javascript_specific_pixels()[pri:3, instance:SeleniumTopic.Selenium_Suite_parallel@5fe94a96]" name="Scroll_using_javascript_specific_pixels" class="SeleniumTopic.Selenium_Suite_parallel"/>
        <method signature="Selenium_Suite_parallel.Verify()[pri:5, instance:SeleniumTopic.Selenium_Suite_parallel@5fe94a96]" name="Verify" class="SeleniumTopic.Selenium_Suite_parallel"/>
      </group> <!-- Regression -->
      <group name="Smoke">
        <method signature="Selenium_Suite_parallel.Scroll_using_javascript()[pri:1, instance:SeleniumTopic.Selenium_Suite_parallel@5fe94a96]" name="Scroll_using_javascript" class="SeleniumTopic.Selenium_Suite_parallel"/>
      </group> <!-- Smoke -->
    </groups>
    <test started-at="2025-05-18T18:59:08 IST" name="Run on Chrome" finished-at="2025-05-18T19:00:46 IST" duration-ms="98594">
      <class name="SeleniumTopic.Selenium_Suite_parallel">
        <test-method is-config="true" signature="setUpReport()[pri:0, instance:SeleniumTopic.Selenium_Suite_parallel@5fe94a96]" started-at="2025-05-18T18:59:08 IST" name="setUpReport" finished-at="2025-05-18T18:59:08 IST" duration-ms="620" status="PASS">
          <reporter-output>
          </reporter-output>
        </test-method> <!-- setUpReport -->
        <test-method is-config="true" signature="Setup(java.lang.String)[pri:0, instance:SeleniumTopic.Selenium_Suite_parallel@5fe94a96]" started-at="2025-05-18T18:59:08 IST" name="Setup" finished-at="2025-05-18T18:59:16 IST" duration-ms="7842" status="PASS">
          <params>
            <param index="0">
              <value>
                <![CDATA[Chrome]]>
              </value>
            </param>
          </params>
          <reporter-output>
          </reporter-output>
        </test-method> <!-- Setup -->
        <test-method signature="Scroll_using_javascript()[pri:1, instance:SeleniumTopic.Selenium_Suite_parallel@5fe94a96]" started-at="2025-05-18T18:59:16 IST" name="Scroll_using_javascript" finished-at="2025-05-18T18:59:25 IST" duration-ms="8616" status="PASS">
          <reporter-output>
          </reporter-output>
        </test-method> <!-- Scroll_using_javascript -->
        <test-method is-config="true" signature="getResult(org.testng.ITestResult)[pri:0, instance:SeleniumTopic.Selenium_Suite_parallel@5fe94a96]" started-at="2025-05-18T18:59:25 IST" name="getResult" finished-at="2025-05-18T18:59:29 IST" duration-ms="3915" status="PASS">
          <params>
            <param index="0">
              <value>
                <![CDATA[[TestResult name=Scroll_using_javascript status=SUCCESS method=Selenium_Suite_parallel.Scroll_using_javascript()[pri:1, instance:SeleniumTopic.Selenium_Suite_parallel@5fe94a96] output={null}]]]>
              </value>
            </param>
          </params>
          <reporter-output>
          </reporter-output>
        </test-method> <!-- getResult -->
        <test-method is-config="true" signature="Setup(java.lang.String)[pri:0, instance:SeleniumTopic.Selenium_Suite_parallel@5fe94a96]" started-at="2025-05-18T18:59:29 IST" name="Setup" finished-at="2025-05-18T18:59:31 IST" duration-ms="2035" status="PASS">
          <params>
            <param index="0">
              <value>
                <![CDATA[Chrome]]>
              </value>
            </param>
          </params>
          <reporter-output>
          </reporter-output>
        </test-method> <!-- Setup -->
        <test-method signature="Scroll_using_javascript_bottom_page()[pri:2, instance:SeleniumTopic.Selenium_Suite_parallel@5fe94a96]" started-at="2025-05-18T18:59:31 IST" name="Scroll_using_javascript_bottom_page" finished-at="2025-05-18T18:59:35 IST" duration-ms="4399" status="PASS">
          <reporter-output>
          </reporter-output>
        </test-method> <!-- Scroll_using_javascript_bottom_page -->
        <test-method is-config="true" signature="getResult(org.testng.ITestResult)[pri:0, instance:SeleniumTopic.Selenium_Suite_parallel@5fe94a96]" started-at="2025-05-18T18:59:35 IST" name="getResult" finished-at="2025-05-18T18:59:36 IST" duration-ms="727" status="PASS">
          <params>
            <param index="0">
              <value>
                <![CDATA[[TestResult name=Scroll_using_javascript_bottom_page status=SUCCESS method=Selenium_Suite_parallel.Scroll_using_javascript_bottom_page()[pri:2, instance:SeleniumTopic.Selenium_Suite_parallel@5fe94a96] output={null}]]]>
              </value>
            </param>
          </params>
          <reporter-output>
          </reporter-output>
        </test-method> <!-- getResult -->
        <test-method is-config="true" signature="Setup(java.lang.String)[pri:0, instance:SeleniumTopic.Selenium_Suite_parallel@5fe94a96]" started-at="2025-05-18T18:59:36 IST" name="Setup" finished-at="2025-05-18T18:59:38 IST" duration-ms="2011" status="PASS">
          <params>
            <param index="0">
              <value>
                <![CDATA[Chrome]]>
              </value>
            </param>
          </params>
          <reporter-output>
          </reporter-output>
        </test-method> <!-- Setup -->
        <test-method signature="Scroll_using_javascript_specific_pixels()[pri:3, instance:SeleniumTopic.Selenium_Suite_parallel@5fe94a96]" started-at="2025-05-18T18:59:38 IST" name="Scroll_using_javascript_specific_pixels" finished-at="2025-05-18T18:59:42 IST" duration-ms="3978" status="PASS">
          <reporter-output>
          </reporter-output>
        </test-method> <!-- Scroll_using_javascript_specific_pixels -->
        <test-method is-config="true" signature="getResult(org.testng.ITestResult)[pri:0, instance:SeleniumTopic.Selenium_Suite_parallel@5fe94a96]" started-at="2025-05-18T18:59:42 IST" name="getResult" finished-at="2025-05-18T18:59:42 IST" duration-ms="471" status="PASS">
          <params>
            <param index="0">
              <value>
                <![CDATA[[TestResult name=Scroll_using_javascript_specific_pixels status=SUCCESS method=Selenium_Suite_parallel.Scroll_using_javascript_specific_pixels()[pri:3, instance:SeleniumTopic.Selenium_Suite_parallel@5fe94a96] output={null}]]]>
              </value>
            </param>
          </params>
          <reporter-output>
          </reporter-output>
        </test-method> <!-- getResult -->
        <test-method is-config="true" signature="Setup(java.lang.String)[pri:0, instance:SeleniumTopic.Selenium_Suite_parallel@5fe94a96]" started-at="2025-05-18T18:59:42 IST" name="Setup" finished-at="2025-05-18T18:59:44 IST" duration-ms="1833" status="PASS">
          <params>
            <param index="0">
              <value>
                <![CDATA[Chrome]]>
              </value>
            </param>
          </params>
          <reporter-output>
          </reporter-output>
        </test-method> <!-- Setup -->
        <test-method signature="DragAndDrop()[pri:4, instance:SeleniumTopic.Selenium_Suite_parallel@5fe94a96]" started-at="2025-05-18T18:59:44 IST" name="DragAndDrop" finished-at="2025-05-18T18:59:51 IST" duration-ms="7118" status="PASS">
          <reporter-output>
          </reporter-output>
        </test-method> <!-- DragAndDrop -->
        <test-method is-config="true" signature="getResult(org.testng.ITestResult)[pri:0, instance:SeleniumTopic.Selenium_Suite_parallel@5fe94a96]" started-at="2025-05-18T18:59:51 IST" name="getResult" finished-at="2025-05-18T18:59:52 IST" duration-ms="476" status="PASS">
          <params>
            <param index="0">
              <value>
                <![CDATA[[TestResult name=DragAndDrop status=SUCCESS method=Selenium_Suite_parallel.DragAndDrop()[pri:4, instance:SeleniumTopic.Selenium_Suite_parallel@5fe94a96] output={null}]]]>
              </value>
            </param>
          </params>
          <reporter-output>
          </reporter-output>
        </test-method> <!-- getResult -->
        <test-method is-config="true" signature="Setup(java.lang.String)[pri:0, instance:SeleniumTopic.Selenium_Suite_parallel@5fe94a96]" started-at="2025-05-18T18:59:52 IST" name="Setup" finished-at="2025-05-18T18:59:53 IST" duration-ms="1465" status="PASS">
          <params>
            <param index="0">
              <value>
                <![CDATA[Chrome]]>
              </value>
            </param>
          </params>
          <reporter-output>
          </reporter-output>
        </test-method> <!-- Setup -->
        <test-method signature="DragAndDrop()[pri:4, instance:SeleniumTopic.Selenium_Suite_parallel@5fe94a96]" started-at="2025-05-18T18:59:53 IST" name="DragAndDrop" finished-at="2025-05-18T19:00:21 IST" duration-ms="27917" status="PASS">
          <reporter-output>
          </reporter-output>
        </test-method> <!-- DragAndDrop -->
        <test-method is-config="true" signature="getResult(org.testng.ITestResult)[pri:0, instance:SeleniumTopic.Selenium_Suite_parallel@5fe94a96]" started-at="2025-05-18T19:00:21 IST" name="getResult" finished-at="2025-05-18T19:00:21 IST" duration-ms="348" status="PASS">
          <params>
            <param index="0">
              <value>
                <![CDATA[[TestResult name=DragAndDrop status=SUCCESS method=Selenium_Suite_parallel.DragAndDrop()[pri:4, instance:SeleniumTopic.Selenium_Suite_parallel@5fe94a96] output={null}]]]>
              </value>
            </param>
          </params>
          <reporter-output>
          </reporter-output>
        </test-method> <!-- getResult -->
        <test-method is-config="true" signature="Setup(java.lang.String)[pri:0, instance:SeleniumTopic.Selenium_Suite_parallel@5fe94a96]" started-at="2025-05-18T19:00:21 IST" name="Setup" finished-at="2025-05-18T19:00:23 IST" duration-ms="1759" status="PASS">
          <params>
            <param index="0">
              <value>
                <![CDATA[Chrome]]>
              </value>
            </param>
          </params>
          <reporter-output>
          </reporter-output>
        </test-method> <!-- Setup -->
        <test-method retried="true" signature="Verify()[pri:5, instance:SeleniumTopic.Selenium_Suite_parallel@5fe94a96]" started-at="2025-05-18T19:00:23 IST" name="Verify" finished-at="2025-05-18T19:00:23 IST" duration-ms="17" status="SKIP">
          <exception class="java.lang.AssertionError">
            <message>
              <![CDATA[The following asserts failed:
First failure,
Second failure]]>
            </message>
            <full-stacktrace>
              <![CDATA[java.lang.AssertionError: The following asserts failed:
First failure,
Second failure
at org.testng.asserts.SoftAssert.assertAll(SoftAssert.java:46)
at org.testng.asserts.SoftAssert.assertAll(SoftAssert.java:30)
at SeleniumTopic.Selenium_Suite_parallel.Verify(Selenium_Suite_parallel.java:220)
at java.base/jdk.internal.reflect.DirectMethodHandleAccessor.invoke(DirectMethodHandleAccessor.java:104)
at java.base/java.lang.reflect.Method.invoke(Method.java:578)
at org.testng.internal.invokers.MethodInvocationHelper.invokeMethod(MethodInvocationHelper.java:139)
at org.testng.internal.invokers.TestInvoker.invokeMethod(TestInvoker.java:664)
at org.testng.internal.invokers.TestInvoker.invokeTestMethod(TestInvoker.java:227)
at org.testng.internal.invokers.MethodRunner.runInSequence(MethodRunner.java:50)
at org.testng.internal.invokers.TestInvoker$MethodInvocationAgent.invoke(TestInvoker.java:957)
at org.testng.internal.invokers.TestInvoker.invokeTestMethods(TestInvoker.java:200)
at org.testng.internal.invokers.TestMethodWorker.invokeTestMethods(TestMethodWorker.java:148)
at org.testng.internal.invokers.TestMethodWorker.run(TestMethodWorker.java:128)
at java.base/java.util.ArrayList.forEach(ArrayList.java:1511)
at org.testng.TestRunner.privateRun(TestRunner.java:848)
at org.testng.TestRunner.run(TestRunner.java:621)
at org.testng.SuiteRunner.runTest(SuiteRunner.java:443)
at org.testng.SuiteRunner.runSequentially(SuiteRunner.java:437)
at org.testng.SuiteRunner.privateRun(SuiteRunner.java:397)
at org.testng.SuiteRunner.run(SuiteRunner.java:336)
at org.testng.SuiteRunnerWorker.runSuite(SuiteRunnerWorker.java:52)
at org.testng.SuiteRunnerWorker.run(SuiteRunnerWorker.java:95)
at org.testng.TestNG.runSuitesSequentially(TestNG.java:1280)
at org.testng.TestNG.runSuitesLocally(TestNG.java:1200)
at org.testng.TestNG.runSuites(TestNG.java:1114)
at org.testng.TestNG.run(TestNG.java:1082)
at org.apache.maven.surefire.testng.TestNGExecutor.run(TestNGExecutor.java:308)
at org.apache.maven.surefire.testng.TestNGXmlTestSuite.execute(TestNGXmlTestSuite.java:71)
at org.apache.maven.surefire.testng.TestNGProvider.invoke(TestNGProvider.java:113)
at org.apache.maven.surefire.booter.ForkedBooter.runSuitesInProcess(ForkedBooter.java:385)
at org.apache.maven.surefire.booter.ForkedBooter.execute(ForkedBooter.java:162)
at org.apache.maven.surefire.booter.ForkedBooter.run(ForkedBooter.java:507)
at org.apache.maven.surefire.booter.ForkedBooter.main(ForkedBooter.java:495)
]]>
            </full-stacktrace>
          </exception> <!-- java.lang.AssertionError -->
          <reporter-output>
          </reporter-output>
        </test-method> <!-- Verify -->
        <test-method is-config="true" signature="getResult(org.testng.ITestResult)[pri:0, instance:SeleniumTopic.Selenium_Suite_parallel@5fe94a96]" started-at="2025-05-18T19:00:23 IST" name="getResult" finished-at="2025-05-18T19:00:24 IST" duration-ms="676" status="PASS">
          <params>
            <param index="0">
              <value>
                <![CDATA[[TestResult name=Verify status=SKIP method=Selenium_Suite_parallel.Verify()[pri:5, instance:SeleniumTopic.Selenium_Suite_parallel@5fe94a96] output={null}]]]>
              </value>
            </param>
          </params>
          <reporter-output>
          </reporter-output>
        </test-method> <!-- getResult -->
        <test-method is-config="true" signature="Setup(java.lang.String)[pri:0, instance:SeleniumTopic.Selenium_Suite_parallel@5fe94a96]" started-at="2025-05-18T19:00:24 IST" name="Setup" finished-at="2025-05-18T19:00:26 IST" duration-ms="1810" status="PASS">
          <params>
            <param index="0">
              <value>
                <![CDATA[Chrome]]>
              </value>
            </param>
          </params>
          <reporter-output>
          </reporter-output>
        </test-method> <!-- Setup -->
        <test-method retried="true" signature="Verify()[pri:5, instance:SeleniumTopic.Selenium_Suite_parallel@5fe94a96]" started-at="2025-05-18T19:00:26 IST" name="Verify" finished-at="2025-05-18T19:00:26 IST" duration-ms="3" status="SKIP">
          <exception class="java.lang.AssertionError">
            <message>
              <![CDATA[The following asserts failed:
First failure,
Second failure]]>
            </message>
            <full-stacktrace>
              <![CDATA[java.lang.AssertionError: The following asserts failed:
First failure,
Second failure
at org.testng.asserts.SoftAssert.assertAll(SoftAssert.java:46)
at org.testng.asserts.SoftAssert.assertAll(SoftAssert.java:30)
at SeleniumTopic.Selenium_Suite_parallel.Verify(Selenium_Suite_parallel.java:220)
at java.base/jdk.internal.reflect.DirectMethodHandleAccessor.invoke(DirectMethodHandleAccessor.java:104)
at java.base/java.lang.reflect.Method.invoke(Method.java:578)
at org.testng.internal.invokers.MethodInvocationHelper.invokeMethod(MethodInvocationHelper.java:139)
at org.testng.internal.invokers.TestInvoker.invokeMethod(TestInvoker.java:664)
at org.testng.internal.invokers.TestInvoker.retryFailed(TestInvoker.java:248)
at org.testng.internal.invokers.MethodRunner.runInSequence(MethodRunner.java:62)
at org.testng.internal.invokers.TestInvoker$MethodInvocationAgent.invoke(TestInvoker.java:957)
at org.testng.internal.invokers.TestInvoker.invokeTestMethods(TestInvoker.java:200)
at org.testng.internal.invokers.TestMethodWorker.invokeTestMethods(TestMethodWorker.java:148)
at org.testng.internal.invokers.TestMethodWorker.run(TestMethodWorker.java:128)
at java.base/java.util.ArrayList.forEach(ArrayList.java:1511)
at org.testng.TestRunner.privateRun(TestRunner.java:848)
at org.testng.TestRunner.run(TestRunner.java:621)
at org.testng.SuiteRunner.runTest(SuiteRunner.java:443)
at org.testng.SuiteRunner.runSequentially(SuiteRunner.java:437)
at org.testng.SuiteRunner.privateRun(SuiteRunner.java:397)
at org.testng.SuiteRunner.run(SuiteRunner.java:336)
at org.testng.SuiteRunnerWorker.runSuite(SuiteRunnerWorker.java:52)
at org.testng.SuiteRunnerWorker.run(SuiteRunnerWorker.java:95)
at org.testng.TestNG.runSuitesSequentially(TestNG.java:1280)
at org.testng.TestNG.runSuitesLocally(TestNG.java:1200)
at org.testng.TestNG.runSuites(TestNG.java:1114)
at org.testng.TestNG.run(TestNG.java:1082)
at org.apache.maven.surefire.testng.TestNGExecutor.run(TestNGExecutor.java:308)
at org.apache.maven.surefire.testng.TestNGXmlTestSuite.execute(TestNGXmlTestSuite.java:71)
at org.apache.maven.surefire.testng.TestNGProvider.invoke(TestNGProvider.java:113)
at org.apache.maven.surefire.booter.ForkedBooter.runSuitesInProcess(ForkedBooter.java:385)
at org.apache.maven.surefire.booter.ForkedBooter.execute(ForkedBooter.java:162)
at org.apache.maven.surefire.booter.ForkedBooter.run(ForkedBooter.java:507)
at org.apache.maven.surefire.booter.ForkedBooter.main(ForkedBooter.java:495)
]]>
            </full-stacktrace>
          </exception> <!-- java.lang.AssertionError -->
          <reporter-output>
          </reporter-output>
        </test-method> <!-- Verify -->
        <test-method is-config="true" signature="getResult(org.testng.ITestResult)[pri:0, instance:SeleniumTopic.Selenium_Suite_parallel@5fe94a96]" started-at="2025-05-18T19:00:26 IST" name="getResult" finished-at="2025-05-18T19:00:26 IST" duration-ms="513" status="PASS">
          <params>
            <param index="0">
              <value>
                <![CDATA[[TestResult name=Verify status=SKIP method=Selenium_Suite_parallel.Verify()[pri:5, instance:SeleniumTopic.Selenium_Suite_parallel@5fe94a96] output={null}]]]>
              </value>
            </param>
          </params>
          <reporter-output>
          </reporter-output>
        </test-method> <!-- getResult -->
        <test-method is-config="true" signature="Setup(java.lang.String)[pri:0, instance:SeleniumTopic.Selenium_Suite_parallel@5fe94a96]" started-at="2025-05-18T19:00:26 IST" name="Setup" finished-at="2025-05-18T19:00:28 IST" duration-ms="1670" status="PASS">
          <params>
            <param index="0">
              <value>
                <![CDATA[Chrome]]>
              </value>
            </param>
          </params>
          <reporter-output>
          </reporter-output>
        </test-method> <!-- Setup -->
        <test-method retried="true" signature="Verify()[pri:5, instance:SeleniumTopic.Selenium_Suite_parallel@5fe94a96]" started-at="2025-05-18T19:00:28 IST" name="Verify" finished-at="2025-05-18T19:00:28 IST" duration-ms="1" status="SKIP">
          <exception class="java.lang.AssertionError">
            <message>
              <![CDATA[The following asserts failed:
First failure,
Second failure]]>
            </message>
            <full-stacktrace>
              <![CDATA[java.lang.AssertionError: The following asserts failed:
First failure,
Second failure
at org.testng.asserts.SoftAssert.assertAll(SoftAssert.java:46)
at org.testng.asserts.SoftAssert.assertAll(SoftAssert.java:30)
at SeleniumTopic.Selenium_Suite_parallel.Verify(Selenium_Suite_parallel.java:220)
at java.base/jdk.internal.reflect.DirectMethodHandleAccessor.invoke(DirectMethodHandleAccessor.java:104)
at java.base/java.lang.reflect.Method.invoke(Method.java:578)
at org.testng.internal.invokers.MethodInvocationHelper.invokeMethod(MethodInvocationHelper.java:139)
at org.testng.internal.invokers.TestInvoker.invokeMethod(TestInvoker.java:664)
at org.testng.internal.invokers.TestInvoker.retryFailed(TestInvoker.java:248)
at org.testng.internal.invokers.MethodRunner.runInSequence(MethodRunner.java:62)
at org.testng.internal.invokers.TestInvoker$MethodInvocationAgent.invoke(TestInvoker.java:957)
at org.testng.internal.invokers.TestInvoker.invokeTestMethods(TestInvoker.java:200)
at org.testng.internal.invokers.TestMethodWorker.invokeTestMethods(TestMethodWorker.java:148)
at org.testng.internal.invokers.TestMethodWorker.run(TestMethodWorker.java:128)
at java.base/java.util.ArrayList.forEach(ArrayList.java:1511)
at org.testng.TestRunner.privateRun(TestRunner.java:848)
at org.testng.TestRunner.run(TestRunner.java:621)
at org.testng.SuiteRunner.runTest(SuiteRunner.java:443)
at org.testng.SuiteRunner.runSequentially(SuiteRunner.java:437)
at org.testng.SuiteRunner.privateRun(SuiteRunner.java:397)
at org.testng.SuiteRunner.run(SuiteRunner.java:336)
at org.testng.SuiteRunnerWorker.runSuite(SuiteRunnerWorker.java:52)
at org.testng.SuiteRunnerWorker.run(SuiteRunnerWorker.java:95)
at org.testng.TestNG.runSuitesSequentially(TestNG.java:1280)
at org.testng.TestNG.runSuitesLocally(TestNG.java:1200)
at org.testng.TestNG.runSuites(TestNG.java:1114)
at org.testng.TestNG.run(TestNG.java:1082)
at org.apache.maven.surefire.testng.TestNGExecutor.run(TestNGExecutor.java:308)
at org.apache.maven.surefire.testng.TestNGXmlTestSuite.execute(TestNGXmlTestSuite.java:71)
at org.apache.maven.surefire.testng.TestNGProvider.invoke(TestNGProvider.java:113)
at org.apache.maven.surefire.booter.ForkedBooter.runSuitesInProcess(ForkedBooter.java:385)
at org.apache.maven.surefire.booter.ForkedBooter.execute(ForkedBooter.java:162)
at org.apache.maven.surefire.booter.ForkedBooter.run(ForkedBooter.java:507)
at org.apache.maven.surefire.booter.ForkedBooter.main(ForkedBooter.java:495)
]]>
            </full-stacktrace>
          </exception> <!-- java.lang.AssertionError -->
          <reporter-output>
          </reporter-output>
        </test-method> <!-- Verify -->
        <test-method is-config="true" signature="getResult(org.testng.ITestResult)[pri:0, instance:SeleniumTopic.Selenium_Suite_parallel@5fe94a96]" started-at="2025-05-18T19:00:28 IST" name="getResult" finished-at="2025-05-18T19:00:28 IST" duration-ms="585" status="PASS">
          <params>
            <param index="0">
              <value>
                <![CDATA[[TestResult name=Verify status=SKIP method=Selenium_Suite_parallel.Verify()[pri:5, instance:SeleniumTopic.Selenium_Suite_parallel@5fe94a96] output={null}]]]>
              </value>
            </param>
          </params>
          <reporter-output>
          </reporter-output>
        </test-method> <!-- getResult -->
        <test-method is-config="true" signature="Setup(java.lang.String)[pri:0, instance:SeleniumTopic.Selenium_Suite_parallel@5fe94a96]" started-at="2025-05-18T19:00:28 IST" name="Setup" finished-at="2025-05-18T19:00:30 IST" duration-ms="1416" status="PASS">
          <params>
            <param index="0">
              <value>
                <![CDATA[Chrome]]>
              </value>
            </param>
          </params>
          <reporter-output>
          </reporter-output>
        </test-method> <!-- Setup -->
        <test-method signature="Verify()[pri:5, instance:SeleniumTopic.Selenium_Suite_parallel@5fe94a96]" started-at="2025-05-18T19:00:30 IST" name="Verify" finished-at="2025-05-18T19:00:30 IST" duration-ms="1" status="FAIL">
          <exception class="java.lang.AssertionError">
            <message>
              <![CDATA[The following asserts failed:
First failure,
Second failure]]>
            </message>
            <full-stacktrace>
              <![CDATA[java.lang.AssertionError: The following asserts failed:
First failure,
Second failure
at org.testng.asserts.SoftAssert.assertAll(SoftAssert.java:46)
at org.testng.asserts.SoftAssert.assertAll(SoftAssert.java:30)
at SeleniumTopic.Selenium_Suite_parallel.Verify(Selenium_Suite_parallel.java:220)
at java.base/jdk.internal.reflect.DirectMethodHandleAccessor.invoke(DirectMethodHandleAccessor.java:104)
at java.base/java.lang.reflect.Method.invoke(Method.java:578)
at org.testng.internal.invokers.MethodInvocationHelper.invokeMethod(MethodInvocationHelper.java:139)
at org.testng.internal.invokers.TestInvoker.invokeMethod(TestInvoker.java:664)
at org.testng.internal.invokers.TestInvoker.retryFailed(TestInvoker.java:248)
at org.testng.internal.invokers.MethodRunner.runInSequence(MethodRunner.java:62)
at org.testng.internal.invokers.TestInvoker$MethodInvocationAgent.invoke(TestInvoker.java:957)
at org.testng.internal.invokers.TestInvoker.invokeTestMethods(TestInvoker.java:200)
at org.testng.internal.invokers.TestMethodWorker.invokeTestMethods(TestMethodWorker.java:148)
at org.testng.internal.invokers.TestMethodWorker.run(TestMethodWorker.java:128)
at java.base/java.util.ArrayList.forEach(ArrayList.java:1511)
at org.testng.TestRunner.privateRun(TestRunner.java:848)
at org.testng.TestRunner.run(TestRunner.java:621)
at org.testng.SuiteRunner.runTest(SuiteRunner.java:443)
at org.testng.SuiteRunner.runSequentially(SuiteRunner.java:437)
at org.testng.SuiteRunner.privateRun(SuiteRunner.java:397)
at org.testng.SuiteRunner.run(SuiteRunner.java:336)
at org.testng.SuiteRunnerWorker.runSuite(SuiteRunnerWorker.java:52)
at org.testng.SuiteRunnerWorker.run(SuiteRunnerWorker.java:95)
at org.testng.TestNG.runSuitesSequentially(TestNG.java:1280)
at org.testng.TestNG.runSuitesLocally(TestNG.java:1200)
at org.testng.TestNG.runSuites(TestNG.java:1114)
at org.testng.TestNG.run(TestNG.java:1082)
at org.apache.maven.surefire.testng.TestNGExecutor.run(TestNGExecutor.java:308)
at org.apache.maven.surefire.testng.TestNGXmlTestSuite.execute(TestNGXmlTestSuite.java:71)
at org.apache.maven.surefire.testng.TestNGProvider.invoke(TestNGProvider.java:113)
at org.apache.maven.surefire.booter.ForkedBooter.runSuitesInProcess(ForkedBooter.java:385)
at org.apache.maven.surefire.booter.ForkedBooter.execute(ForkedBooter.java:162)
at org.apache.maven.surefire.booter.ForkedBooter.run(ForkedBooter.java:507)
at org.apache.maven.surefire.booter.ForkedBooter.main(ForkedBooter.java:495)
]]>
            </full-stacktrace>
          </exception> <!-- java.lang.AssertionError -->
          <reporter-output>
          </reporter-output>
        </test-method> <!-- Verify -->
        <test-method is-config="true" signature="getResult(org.testng.ITestResult)[pri:0, instance:SeleniumTopic.Selenium_Suite_parallel@5fe94a96]" started-at="2025-05-18T19:00:30 IST" name="getResult" finished-at="2025-05-18T19:00:31 IST" duration-ms="1238" status="PASS">
          <params>
            <param index="0">
              <value>
                <![CDATA[[TestResult name=Verify status=FAILURE method=Selenium_Suite_parallel.Verify()[pri:5, instance:SeleniumTopic.Selenium_Suite_parallel@5fe94a96] output={null}]]]>
              </value>
            </param>
          </params>
          <reporter-output>
          </reporter-output>
        </test-method> <!-- getResult -->
        <test-method is-config="true" signature="Setup(java.lang.String)[pri:0, instance:SeleniumTopic.Selenium_Suite_parallel@5fe94a96]" started-at="2025-05-18T19:00:31 IST" name="Setup" finished-at="2025-05-18T19:00:33 IST" duration-ms="1487" status="PASS">
          <params>
            <param index="0">
              <value>
                <![CDATA[Chrome]]>
              </value>
            </param>
          </params>
          <reporter-output>
          </reporter-output>
        </test-method> <!-- Setup -->
        <test-method signature="rightClick()[pri:6, instance:SeleniumTopic.Selenium_Suite_parallel@5fe94a96]" started-at="2025-05-18T19:00:33 IST" name="rightClick" finished-at="2025-05-18T19:00:44 IST" duration-ms="11256" status="PASS">
          <reporter-output>
          </reporter-output>
        </test-method> <!-- rightClick -->
        <test-method is-config="true" signature="getResult(org.testng.ITestResult)[pri:0, instance:SeleniumTopic.Selenium_Suite_parallel@5fe94a96]" started-at="2025-05-18T19:00:44 IST" name="getResult" finished-at="2025-05-18T19:00:45 IST" duration-ms="1415" status="PASS">
          <params>
            <param index="0">
              <value>
                <![CDATA[[TestResult name=rightClick status=SUCCESS method=Selenium_Suite_parallel.rightClick()[pri:6, instance:SeleniumTopic.Selenium_Suite_parallel@5fe94a96] output={null}]]]>
              </value>
            </param>
          </params>
          <reporter-output>
          </reporter-output>
        </test-method> <!-- getResult -->
        <test-method is-config="true" signature="endReport()[pri:0, instance:SeleniumTopic.Selenium_Suite_parallel@5fe94a96]" started-at="2025-05-18T19:00:45 IST" name="endReport" finished-at="2025-05-18T19:00:46 IST" duration-ms="824" status="PASS">
          <reporter-output>
          </reporter-output>
        </test-method> <!-- endReport -->
      </class> <!-- SeleniumTopic.Selenium_Suite_parallel -->
    </test> <!-- Run on Chrome -->
  </suite> <!-- All Test Suite -->
</testng-results>
