<?xml version="1.0" encoding="UTF-8"?>
<testng-results retried="4" ignored="4" total="15" passed="6" failed="1" skipped="0">
  <reporter-output>
  </reporter-output>
  <suite started-at="2025-05-19T15:47:08 IST" name="All Test Suite" finished-at="2025-05-19T15:52:30 IST" duration-ms="322321">
    <groups>
      <group name="UI">
        <method signature="Selenium_Suite_parallel.DragAndDrop()[pri:4, instance:SeleniumTopic.Selenium_Suite_parallel@5fe94a96]" name="DragAndDrop" class="SeleniumTopic.Selenium_Suite_parallel"/>
      </group> <!-- UI -->
      <group name="Regression">
        <method signature="Selenium_Suite_parallel.Scroll_using_javascript_bottom_page()[pri:2, instance:SeleniumTopic.Selenium_Suite_parallel@5fe94a96]" name="Scroll_using_javascript_bottom_page" class="SeleniumTopic.Selenium_Suite_parallel"/>
        <method signature="Selenium_Suite_parallel.Scroll_using_javascript_specific_pixels()[pri:3, instance:SeleniumTopic.Selenium_Suite_parallel@5fe94a96]" name="Scroll_using_javascript_specific_pixels" class="SeleniumTopic.Selenium_Suite_parallel"/>
        <method signature="Selenium_Suite_parallel.Verify()[pri:5, instance:SeleniumTopic.Selenium_Suite_parallel@5fe94a96]" name="Verify" class="SeleniumTopic.Selenium_Suite_parallel"/>
      </group> <!-- Regression -->
      <group name="Smoke">
        <method signature="Selenium_Suite_parallel.Scroll_using_javascript()[pri:1, instance:SeleniumTopic.Selenium_Suite_parallel@5fe94a96]" name="Scroll_using_javascript" class="SeleniumTopic.Selenium_Suite_parallel"/>
      </group> <!-- Smoke -->
    </groups>
    <test started-at="2025-05-19T15:47:08 IST" name="Run on Chrome" finished-at="2025-05-19T15:52:30 IST" duration-ms="322321">
      <class name="SeleniumTopic.Selenium_Suite_parallel">
        <test-method is-config="true" signature="setUpReport()[pri:0, instance:SeleniumTopic.Selenium_Suite_parallel@5fe94a96]" started-at="2025-05-19T15:47:08 IST" name="setUpReport" finished-at="2025-05-19T15:47:09 IST" duration-ms="1075" status="PASS">
          <reporter-output>
          </reporter-output>
        </test-method> <!-- setUpReport -->
        <test-method is-config="true" signature="Setup(java.lang.String)[pri:0, instance:SeleniumTopic.Selenium_Suite_parallel@5fe94a96]" started-at="2025-05-19T15:47:09 IST" name="Setup" finished-at="2025-05-19T15:47:16 IST" duration-ms="6395" status="PASS">
          <params>
            <param index="0">
              <value>
                <![CDATA[Chrome]]>
              </value>
            </param>
          </params>
          <reporter-output>
          </reporter-output>
        </test-method> <!-- Setup -->
        <test-method signature="Scroll_using_javascript()[pri:1, instance:SeleniumTopic.Selenium_Suite_parallel@5fe94a96]" started-at="2025-05-19T15:47:16 IST" name="Scroll_using_javascript" finished-at="2025-05-19T15:47:33 IST" duration-ms="17611" status="PASS">
          <reporter-output>
          </reporter-output>
        </test-method> <!-- Scroll_using_javascript -->
        <test-method is-config="true" signature="getResult(org.testng.ITestResult)[pri:0, instance:SeleniumTopic.Selenium_Suite_parallel@5fe94a96]" started-at="2025-05-19T15:47:33 IST" name="getResult" finished-at="2025-05-19T15:47:34 IST" duration-ms="574" status="PASS">
          <params>
            <param index="0">
              <value>
                <![CDATA[[TestResult name=Scroll_using_javascript status=SUCCESS method=Selenium_Suite_parallel.Scroll_using_javascript()[pri:1, instance:SeleniumTopic.Selenium_Suite_parallel@5fe94a96] output={null}]]]>
              </value>
            </param>
          </params>
          <reporter-output>
          </reporter-output>
        </test-method> <!-- getResult -->
        <test-method is-config="true" signature="Setup(java.lang.String)[pri:0, instance:SeleniumTopic.Selenium_Suite_parallel@5fe94a96]" started-at="2025-05-19T15:47:34 IST" name="Setup" finished-at="2025-05-19T15:47:35 IST" duration-ms="1702" status="PASS">
          <params>
            <param index="0">
              <value>
                <![CDATA[Chrome]]>
              </value>
            </param>
          </params>
          <reporter-output>
          </reporter-output>
        </test-method> <!-- Setup -->
        <test-method signature="Scroll_using_javascript_bottom_page()[pri:2, instance:SeleniumTopic.Selenium_Suite_parallel@5fe94a96]" started-at="2025-05-19T15:47:35 IST" name="Scroll_using_javascript_bottom_page" finished-at="2025-05-19T15:47:40 IST" duration-ms="5027" status="PASS">
          <reporter-output>
          </reporter-output>
        </test-method> <!-- Scroll_using_javascript_bottom_page -->
        <test-method is-config="true" signature="getResult(org.testng.ITestResult)[pri:0, instance:SeleniumTopic.Selenium_Suite_parallel@5fe94a96]" started-at="2025-05-19T15:47:40 IST" name="getResult" finished-at="2025-05-19T15:47:41 IST" duration-ms="392" status="PASS">
          <params>
            <param index="0">
              <value>
                <![CDATA[[TestResult name=Scroll_using_javascript_bottom_page status=SUCCESS method=Selenium_Suite_parallel.Scroll_using_javascript_bottom_page()[pri:2, instance:SeleniumTopic.Selenium_Suite_parallel@5fe94a96] output={null}]]]>
              </value>
            </param>
          </params>
          <reporter-output>
          </reporter-output>
        </test-method> <!-- getResult -->
        <test-method is-config="true" signature="Setup(java.lang.String)[pri:0, instance:SeleniumTopic.Selenium_Suite_parallel@5fe94a96]" started-at="2025-05-19T15:47:41 IST" name="Setup" finished-at="2025-05-19T15:47:42 IST" duration-ms="1628" status="PASS">
          <params>
            <param index="0">
              <value>
                <![CDATA[Chrome]]>
              </value>
            </param>
          </params>
          <reporter-output>
          </reporter-output>
        </test-method> <!-- Setup -->
        <test-method retried="true" signature="Scroll_using_javascript_specific_pixels()[pri:3, instance:SeleniumTopic.Selenium_Suite_parallel@5fe94a96]" started-at="2025-05-19T15:47:42 IST" name="Scroll_using_javascript_specific_pixels" finished-at="2025-05-19T15:50:43 IST" duration-ms="180039" status="SKIP">
          <exception class="org.openqa.selenium.TimeoutException">
            <message>
              <![CDATA[java.util.concurrent.TimeoutException
Build info: version: '4.25.0', revision: '8a8aea2337'
System info: os.name: 'Windows 10', os.arch: 'amd64', os.version: '10.0', java.version: '20.0.1'
Driver info: org.openqa.selenium.chrome.ChromeDriver
Command: [06c45ac578fa4d8668553796477dbd34, get {url=https://demo.automationtesting.in/Register.html}]
Capabilities {acceptInsecureCerts: false, browserName: chrome, browserVersion: 136.0.7103.114, chrome: {chromedriverVersion: 136.0.7103.94 (fa0be0b33deb..., userDataDir: C:\Users\ADITYA~1\AppData\L...}, fedcm:accounts: true, goog:chromeOptions: {debuggerAddress: localhost:56972}, networkConnectionEnabled: false, pageLoadStrategy: normal, platformName: windows, proxy: Proxy(), se:cdp: ws://localhost:56972/devtoo..., se:cdpVersion: 136.0.7103.114, setWindowRect: true, strictFileInteractability: false, timeouts: {implicit: 0, pageLoad: 300000, script: 30000}, unhandledPromptBehavior: dismiss and notify, webauthn:extension:credBlob: true, webauthn:extension:largeBlob: true, webauthn:extension:minPinLength: true, webauthn:extension:prf: true, webauthn:virtualAuthenticators: true}
Session ID: 06c45ac578fa4d8668553796477dbd34]]>
            </message>
            <full-stacktrace>
              <![CDATA[org.openqa.selenium.TimeoutException: java.util.concurrent.TimeoutException
Build info: version: '4.25.0', revision: '8a8aea2337'
System info: os.name: 'Windows 10', os.arch: 'amd64', os.version: '10.0', java.version: '20.0.1'
Driver info: org.openqa.selenium.chrome.ChromeDriver
Command: [06c45ac578fa4d8668553796477dbd34, get {url=https://demo.automationtesting.in/Register.html}]
Capabilities {acceptInsecureCerts: false, browserName: chrome, browserVersion: 136.0.7103.114, chrome: {chromedriverVersion: 136.0.7103.94 (fa0be0b33deb..., userDataDir: C:\Users\ADITYA~1\AppData\L...}, fedcm:accounts: true, goog:chromeOptions: {debuggerAddress: localhost:56972}, networkConnectionEnabled: false, pageLoadStrategy: normal, platformName: windows, proxy: Proxy(), se:cdp: ws://localhost:56972/devtoo..., se:cdpVersion: 136.0.7103.114, setWindowRect: true, strictFileInteractability: false, timeouts: {implicit: 0, pageLoad: 300000, script: 30000}, unhandledPromptBehavior: dismiss and notify, webauthn:extension:credBlob: true, webauthn:extension:largeBlob: true, webauthn:extension:minPinLength: true, webauthn:extension:prf: true, webauthn:virtualAuthenticators: true}
Session ID: 06c45ac578fa4d8668553796477dbd34
at org.openqa.selenium.remote.http.jdk.JdkHttpClient.execute0(JdkHttpClient.java:418)
at org.openqa.selenium.remote.http.AddSeleniumUserAgent.lambda$apply$0(AddSeleniumUserAgent.java:42)
at org.openqa.selenium.remote.http.Filter.lambda$andFinally$1(Filter.java:55)
at org.openqa.selenium.remote.http.jdk.JdkHttpClient.execute(JdkHttpClient.java:374)
at org.openqa.selenium.remote.HttpCommandExecutor.execute(HttpCommandExecutor.java:187)
at org.openqa.selenium.remote.service.DriverCommandExecutor.invokeExecute(DriverCommandExecutor.java:216)
at org.openqa.selenium.remote.service.DriverCommandExecutor.execute(DriverCommandExecutor.java:174)
at org.openqa.selenium.remote.RemoteWebDriver.execute(RemoteWebDriver.java:545)
at org.openqa.selenium.remote.RemoteWebDriver.get(RemoteWebDriver.java:313)
at SeleniumTopic.Selenium_Suite_parallel.Scroll_using_javascript_specific_pixels(Selenium_Suite_parallel.java:189)
at java.base/jdk.internal.reflect.DirectMethodHandleAccessor.invoke(DirectMethodHandleAccessor.java:104)
at java.base/java.lang.reflect.Method.invoke(Method.java:578)
at org.testng.internal.invokers.MethodInvocationHelper.invokeMethod(MethodInvocationHelper.java:139)
at org.testng.internal.invokers.TestInvoker.invokeMethod(TestInvoker.java:664)
at org.testng.internal.invokers.TestInvoker.invokeTestMethod(TestInvoker.java:227)
at org.testng.internal.invokers.MethodRunner.runInSequence(MethodRunner.java:50)
at org.testng.internal.invokers.TestInvoker$MethodInvocationAgent.invoke(TestInvoker.java:957)
at org.testng.internal.invokers.TestInvoker.invokeTestMethods(TestInvoker.java:200)
at org.testng.internal.invokers.TestMethodWorker.invokeTestMethods(TestMethodWorker.java:148)
at org.testng.internal.invokers.TestMethodWorker.run(TestMethodWorker.java:128)
at java.base/java.util.ArrayList.forEach(ArrayList.java:1511)
at org.testng.TestRunner.privateRun(TestRunner.java:848)
at org.testng.TestRunner.run(TestRunner.java:621)
at org.testng.SuiteRunner.runTest(SuiteRunner.java:443)
at org.testng.SuiteRunner.runSequentially(SuiteRunner.java:437)
at org.testng.SuiteRunner.privateRun(SuiteRunner.java:397)
at org.testng.SuiteRunner.run(SuiteRunner.java:336)
at org.testng.SuiteRunnerWorker.runSuite(SuiteRunnerWorker.java:52)
at org.testng.SuiteRunnerWorker.run(SuiteRunnerWorker.java:95)
at org.testng.TestNG.runSuitesSequentially(TestNG.java:1280)
at org.testng.TestNG.runSuitesLocally(TestNG.java:1200)
at org.testng.TestNG.runSuites(TestNG.java:1114)
at org.testng.TestNG.run(TestNG.java:1082)
at org.apache.maven.surefire.testng.TestNGExecutor.run(TestNGExecutor.java:308)
at org.apache.maven.surefire.testng.TestNGXmlTestSuite.execute(TestNGXmlTestSuite.java:71)
at org.apache.maven.surefire.testng.TestNGProvider.invoke(TestNGProvider.java:113)
at org.apache.maven.surefire.booter.ForkedBooter.runSuitesInProcess(ForkedBooter.java:385)
at org.apache.maven.surefire.booter.ForkedBooter.execute(ForkedBooter.java:162)
at org.apache.maven.surefire.booter.ForkedBooter.run(ForkedBooter.java:507)
at org.apache.maven.surefire.booter.ForkedBooter.main(ForkedBooter.java:495)
Caused by: java.util.concurrent.TimeoutException
at java.base/java.util.concurrent.CompletableFuture.timedGet(CompletableFuture.java:1960)
at java.base/java.util.concurrent.CompletableFuture.get(CompletableFuture.java:2095)
at org.openqa.selenium.remote.http.jdk.JdkHttpClient.execute0(JdkHttpClient.java:401)
... 39 more
]]>
            </full-stacktrace>
          </exception> <!-- org.openqa.selenium.TimeoutException -->
          <reporter-output>
          </reporter-output>
        </test-method> <!-- Scroll_using_javascript_specific_pixels -->
        <test-method is-config="true" signature="getResult(org.testng.ITestResult)[pri:0, instance:SeleniumTopic.Selenium_Suite_parallel@5fe94a96]" started-at="2025-05-19T15:50:43 IST" name="getResult" finished-at="2025-05-19T15:51:14 IST" duration-ms="31066" status="PASS">
          <params>
            <param index="0">
              <value>
                <![CDATA[[TestResult name=Scroll_using_javascript_specific_pixels status=SKIP method=Selenium_Suite_parallel.Scroll_using_javascript_specific_pixels()[pri:3, instance:SeleniumTopic.Selenium_Suite_parallel@5fe94a96] output={null}]]]>
              </value>
            </param>
          </params>
          <reporter-output>
          </reporter-output>
        </test-method> <!-- getResult -->
        <test-method is-config="true" signature="Setup(java.lang.String)[pri:0, instance:SeleniumTopic.Selenium_Suite_parallel@5fe94a96]" started-at="2025-05-19T15:51:14 IST" name="Setup" finished-at="2025-05-19T15:51:15 IST" duration-ms="1736" status="PASS">
          <params>
            <param index="0">
              <value>
                <![CDATA[Chrome]]>
              </value>
            </param>
          </params>
          <reporter-output>
          </reporter-output>
        </test-method> <!-- Setup -->
        <test-method signature="Scroll_using_javascript_specific_pixels()[pri:3, instance:SeleniumTopic.Selenium_Suite_parallel@5fe94a96]" started-at="2025-05-19T15:51:15 IST" name="Scroll_using_javascript_specific_pixels" finished-at="2025-05-19T15:51:40 IST" duration-ms="24185" status="PASS">
          <reporter-output>
          </reporter-output>
        </test-method> <!-- Scroll_using_javascript_specific_pixels -->
        <test-method is-config="true" signature="getResult(org.testng.ITestResult)[pri:0, instance:SeleniumTopic.Selenium_Suite_parallel@5fe94a96]" started-at="2025-05-19T15:51:40 IST" name="getResult" finished-at="2025-05-19T15:51:40 IST" duration-ms="295" status="PASS">
          <params>
            <param index="0">
              <value>
                <![CDATA[[TestResult name=Scroll_using_javascript_specific_pixels status=SUCCESS method=Selenium_Suite_parallel.Scroll_using_javascript_specific_pixels()[pri:3, instance:SeleniumTopic.Selenium_Suite_parallel@5fe94a96] output={null}]]]>
              </value>
            </param>
          </params>
          <reporter-output>
          </reporter-output>
        </test-method> <!-- getResult -->
        <test-method is-config="true" signature="Setup(java.lang.String)[pri:0, instance:SeleniumTopic.Selenium_Suite_parallel@5fe94a96]" started-at="2025-05-19T15:51:40 IST" name="Setup" finished-at="2025-05-19T15:51:42 IST" duration-ms="1843" status="PASS">
          <params>
            <param index="0">
              <value>
                <![CDATA[Chrome]]>
              </value>
            </param>
          </params>
          <reporter-output>
          </reporter-output>
        </test-method> <!-- Setup -->
        <test-method signature="DragAndDrop()[pri:4, instance:SeleniumTopic.Selenium_Suite_parallel@5fe94a96]" started-at="2025-05-19T15:51:42 IST" name="DragAndDrop" finished-at="2025-05-19T15:51:51 IST" duration-ms="8978" status="PASS">
          <reporter-output>
          </reporter-output>
        </test-method> <!-- DragAndDrop -->
        <test-method is-config="true" signature="getResult(org.testng.ITestResult)[pri:0, instance:SeleniumTopic.Selenium_Suite_parallel@5fe94a96]" started-at="2025-05-19T15:51:51 IST" name="getResult" finished-at="2025-05-19T15:51:51 IST" duration-ms="446" status="PASS">
          <params>
            <param index="0">
              <value>
                <![CDATA[[TestResult name=DragAndDrop status=SUCCESS method=Selenium_Suite_parallel.DragAndDrop()[pri:4, instance:SeleniumTopic.Selenium_Suite_parallel@5fe94a96] output={null}]]]>
              </value>
            </param>
          </params>
          <reporter-output>
          </reporter-output>
        </test-method> <!-- getResult -->
        <test-method is-config="true" signature="Setup(java.lang.String)[pri:0, instance:SeleniumTopic.Selenium_Suite_parallel@5fe94a96]" started-at="2025-05-19T15:51:51 IST" name="Setup" finished-at="2025-05-19T15:51:53 IST" duration-ms="1604" status="PASS">
          <params>
            <param index="0">
              <value>
                <![CDATA[Chrome]]>
              </value>
            </param>
          </params>
          <reporter-output>
          </reporter-output>
        </test-method> <!-- Setup -->
        <test-method signature="DragAndDrop()[pri:4, instance:SeleniumTopic.Selenium_Suite_parallel@5fe94a96]" started-at="2025-05-19T15:51:53 IST" name="DragAndDrop" finished-at="2025-05-19T15:52:06 IST" duration-ms="13631" status="PASS">
          <reporter-output>
          </reporter-output>
        </test-method> <!-- DragAndDrop -->
        <test-method is-config="true" signature="getResult(org.testng.ITestResult)[pri:0, instance:SeleniumTopic.Selenium_Suite_parallel@5fe94a96]" started-at="2025-05-19T15:52:06 IST" name="getResult" finished-at="2025-05-19T15:52:07 IST" duration-ms="350" status="PASS">
          <params>
            <param index="0">
              <value>
                <![CDATA[[TestResult name=DragAndDrop status=SUCCESS method=Selenium_Suite_parallel.DragAndDrop()[pri:4, instance:SeleniumTopic.Selenium_Suite_parallel@5fe94a96] output={null}]]]>
              </value>
            </param>
          </params>
          <reporter-output>
          </reporter-output>
        </test-method> <!-- getResult -->
        <test-method is-config="true" signature="Setup(java.lang.String)[pri:0, instance:SeleniumTopic.Selenium_Suite_parallel@5fe94a96]" started-at="2025-05-19T15:52:07 IST" name="Setup" finished-at="2025-05-19T15:52:08 IST" duration-ms="1496" status="PASS">
          <params>
            <param index="0">
              <value>
                <![CDATA[Chrome]]>
              </value>
            </param>
          </params>
          <reporter-output>
          </reporter-output>
        </test-method> <!-- Setup -->
        <test-method retried="true" signature="Verify()[pri:5, instance:SeleniumTopic.Selenium_Suite_parallel@5fe94a96]" started-at="2025-05-19T15:52:08 IST" name="Verify" finished-at="2025-05-19T15:52:08 IST" duration-ms="15" status="SKIP">
          <exception class="java.lang.AssertionError">
            <message>
              <![CDATA[The following asserts failed:
First failure,
Second failure]]>
            </message>
            <full-stacktrace>
              <![CDATA[java.lang.AssertionError: The following asserts failed:
First failure,
Second failure
at org.testng.asserts.SoftAssert.assertAll(SoftAssert.java:46)
at org.testng.asserts.SoftAssert.assertAll(SoftAssert.java:30)
at SeleniumTopic.Selenium_Suite_parallel.Verify(Selenium_Suite_parallel.java:220)
at java.base/jdk.internal.reflect.DirectMethodHandleAccessor.invoke(DirectMethodHandleAccessor.java:104)
at java.base/java.lang.reflect.Method.invoke(Method.java:578)
at org.testng.internal.invokers.MethodInvocationHelper.invokeMethod(MethodInvocationHelper.java:139)
at org.testng.internal.invokers.TestInvoker.invokeMethod(TestInvoker.java:664)
at org.testng.internal.invokers.TestInvoker.invokeTestMethod(TestInvoker.java:227)
at org.testng.internal.invokers.MethodRunner.runInSequence(MethodRunner.java:50)
at org.testng.internal.invokers.TestInvoker$MethodInvocationAgent.invoke(TestInvoker.java:957)
at org.testng.internal.invokers.TestInvoker.invokeTestMethods(TestInvoker.java:200)
at org.testng.internal.invokers.TestMethodWorker.invokeTestMethods(TestMethodWorker.java:148)
at org.testng.internal.invokers.TestMethodWorker.run(TestMethodWorker.java:128)
at java.base/java.util.ArrayList.forEach(ArrayList.java:1511)
at org.testng.TestRunner.privateRun(TestRunner.java:848)
at org.testng.TestRunner.run(TestRunner.java:621)
at org.testng.SuiteRunner.runTest(SuiteRunner.java:443)
at org.testng.SuiteRunner.runSequentially(SuiteRunner.java:437)
at org.testng.SuiteRunner.privateRun(SuiteRunner.java:397)
at org.testng.SuiteRunner.run(SuiteRunner.java:336)
at org.testng.SuiteRunnerWorker.runSuite(SuiteRunnerWorker.java:52)
at org.testng.SuiteRunnerWorker.run(SuiteRunnerWorker.java:95)
at org.testng.TestNG.runSuitesSequentially(TestNG.java:1280)
at org.testng.TestNG.runSuitesLocally(TestNG.java:1200)
at org.testng.TestNG.runSuites(TestNG.java:1114)
at org.testng.TestNG.run(TestNG.java:1082)
at org.apache.maven.surefire.testng.TestNGExecutor.run(TestNGExecutor.java:308)
at org.apache.maven.surefire.testng.TestNGXmlTestSuite.execute(TestNGXmlTestSuite.java:71)
at org.apache.maven.surefire.testng.TestNGProvider.invoke(TestNGProvider.java:113)
at org.apache.maven.surefire.booter.ForkedBooter.runSuitesInProcess(ForkedBooter.java:385)
at org.apache.maven.surefire.booter.ForkedBooter.execute(ForkedBooter.java:162)
at org.apache.maven.surefire.booter.ForkedBooter.run(ForkedBooter.java:507)
at org.apache.maven.surefire.booter.ForkedBooter.main(ForkedBooter.java:495)
]]>
            </full-stacktrace>
          </exception> <!-- java.lang.AssertionError -->
          <reporter-output>
          </reporter-output>
        </test-method> <!-- Verify -->
        <test-method is-config="true" signature="getResult(org.testng.ITestResult)[pri:0, instance:SeleniumTopic.Selenium_Suite_parallel@5fe94a96]" started-at="2025-05-19T15:52:08 IST" name="getResult" finished-at="2025-05-19T15:52:09 IST" duration-ms="361" status="PASS">
          <params>
            <param index="0">
              <value>
                <![CDATA[[TestResult name=Verify status=SKIP method=Selenium_Suite_parallel.Verify()[pri:5, instance:SeleniumTopic.Selenium_Suite_parallel@5fe94a96] output={null}]]]>
              </value>
            </param>
          </params>
          <reporter-output>
          </reporter-output>
        </test-method> <!-- getResult -->
        <test-method is-config="true" signature="Setup(java.lang.String)[pri:0, instance:SeleniumTopic.Selenium_Suite_parallel@5fe94a96]" started-at="2025-05-19T15:52:09 IST" name="Setup" finished-at="2025-05-19T15:52:10 IST" duration-ms="1854" status="PASS">
          <params>
            <param index="0">
              <value>
                <![CDATA[Chrome]]>
              </value>
            </param>
          </params>
          <reporter-output>
          </reporter-output>
        </test-method> <!-- Setup -->
        <test-method retried="true" signature="Verify()[pri:5, instance:SeleniumTopic.Selenium_Suite_parallel@5fe94a96]" started-at="2025-05-19T15:52:10 IST" name="Verify" finished-at="2025-05-19T15:52:10 IST" duration-ms="3" status="SKIP">
          <exception class="java.lang.AssertionError">
            <message>
              <![CDATA[The following asserts failed:
First failure,
Second failure]]>
            </message>
            <full-stacktrace>
              <![CDATA[java.lang.AssertionError: The following asserts failed:
First failure,
Second failure
at org.testng.asserts.SoftAssert.assertAll(SoftAssert.java:46)
at org.testng.asserts.SoftAssert.assertAll(SoftAssert.java:30)
at SeleniumTopic.Selenium_Suite_parallel.Verify(Selenium_Suite_parallel.java:220)
at java.base/jdk.internal.reflect.DirectMethodHandleAccessor.invoke(DirectMethodHandleAccessor.java:104)
at java.base/java.lang.reflect.Method.invoke(Method.java:578)
at org.testng.internal.invokers.MethodInvocationHelper.invokeMethod(MethodInvocationHelper.java:139)
at org.testng.internal.invokers.TestInvoker.invokeMethod(TestInvoker.java:664)
at org.testng.internal.invokers.TestInvoker.retryFailed(TestInvoker.java:248)
at org.testng.internal.invokers.MethodRunner.runInSequence(MethodRunner.java:62)
at org.testng.internal.invokers.TestInvoker$MethodInvocationAgent.invoke(TestInvoker.java:957)
at org.testng.internal.invokers.TestInvoker.invokeTestMethods(TestInvoker.java:200)
at org.testng.internal.invokers.TestMethodWorker.invokeTestMethods(TestMethodWorker.java:148)
at org.testng.internal.invokers.TestMethodWorker.run(TestMethodWorker.java:128)
at java.base/java.util.ArrayList.forEach(ArrayList.java:1511)
at org.testng.TestRunner.privateRun(TestRunner.java:848)
at org.testng.TestRunner.run(TestRunner.java:621)
at org.testng.SuiteRunner.runTest(SuiteRunner.java:443)
at org.testng.SuiteRunner.runSequentially(SuiteRunner.java:437)
at org.testng.SuiteRunner.privateRun(SuiteRunner.java:397)
at org.testng.SuiteRunner.run(SuiteRunner.java:336)
at org.testng.SuiteRunnerWorker.runSuite(SuiteRunnerWorker.java:52)
at org.testng.SuiteRunnerWorker.run(SuiteRunnerWorker.java:95)
at org.testng.TestNG.runSuitesSequentially(TestNG.java:1280)
at org.testng.TestNG.runSuitesLocally(TestNG.java:1200)
at org.testng.TestNG.runSuites(TestNG.java:1114)
at org.testng.TestNG.run(TestNG.java:1082)
at org.apache.maven.surefire.testng.TestNGExecutor.run(TestNGExecutor.java:308)
at org.apache.maven.surefire.testng.TestNGXmlTestSuite.execute(TestNGXmlTestSuite.java:71)
at org.apache.maven.surefire.testng.TestNGProvider.invoke(TestNGProvider.java:113)
at org.apache.maven.surefire.booter.ForkedBooter.runSuitesInProcess(ForkedBooter.java:385)
at org.apache.maven.surefire.booter.ForkedBooter.execute(ForkedBooter.java:162)
at org.apache.maven.surefire.booter.ForkedBooter.run(ForkedBooter.java:507)
at org.apache.maven.surefire.booter.ForkedBooter.main(ForkedBooter.java:495)
]]>
            </full-stacktrace>
          </exception> <!-- java.lang.AssertionError -->
          <reporter-output>
          </reporter-output>
        </test-method> <!-- Verify -->
        <test-method is-config="true" signature="getResult(org.testng.ITestResult)[pri:0, instance:SeleniumTopic.Selenium_Suite_parallel@5fe94a96]" started-at="2025-05-19T15:52:10 IST" name="getResult" finished-at="2025-05-19T15:52:11 IST" duration-ms="363" status="PASS">
          <params>
            <param index="0">
              <value>
                <![CDATA[[TestResult name=Verify status=SKIP method=Selenium_Suite_parallel.Verify()[pri:5, instance:SeleniumTopic.Selenium_Suite_parallel@5fe94a96] output={null}]]]>
              </value>
            </param>
          </params>
          <reporter-output>
          </reporter-output>
        </test-method> <!-- getResult -->
        <test-method is-config="true" signature="Setup(java.lang.String)[pri:0, instance:SeleniumTopic.Selenium_Suite_parallel@5fe94a96]" started-at="2025-05-19T15:52:11 IST" name="Setup" finished-at="2025-05-19T15:52:12 IST" duration-ms="1548" status="PASS">
          <params>
            <param index="0">
              <value>
                <![CDATA[Chrome]]>
              </value>
            </param>
          </params>
          <reporter-output>
          </reporter-output>
        </test-method> <!-- Setup -->
        <test-method retried="true" signature="Verify()[pri:5, instance:SeleniumTopic.Selenium_Suite_parallel@5fe94a96]" started-at="2025-05-19T15:52:12 IST" name="Verify" finished-at="2025-05-19T15:52:12 IST" duration-ms="2" status="SKIP">
          <exception class="java.lang.AssertionError">
            <message>
              <![CDATA[The following asserts failed:
First failure,
Second failure]]>
            </message>
            <full-stacktrace>
              <![CDATA[java.lang.AssertionError: The following asserts failed:
First failure,
Second failure
at org.testng.asserts.SoftAssert.assertAll(SoftAssert.java:46)
at org.testng.asserts.SoftAssert.assertAll(SoftAssert.java:30)
at SeleniumTopic.Selenium_Suite_parallel.Verify(Selenium_Suite_parallel.java:220)
at java.base/jdk.internal.reflect.DirectMethodHandleAccessor.invoke(DirectMethodHandleAccessor.java:104)
at java.base/java.lang.reflect.Method.invoke(Method.java:578)
at org.testng.internal.invokers.MethodInvocationHelper.invokeMethod(MethodInvocationHelper.java:139)
at org.testng.internal.invokers.TestInvoker.invokeMethod(TestInvoker.java:664)
at org.testng.internal.invokers.TestInvoker.retryFailed(TestInvoker.java:248)
at org.testng.internal.invokers.MethodRunner.runInSequence(MethodRunner.java:62)
at org.testng.internal.invokers.TestInvoker$MethodInvocationAgent.invoke(TestInvoker.java:957)
at org.testng.internal.invokers.TestInvoker.invokeTestMethods(TestInvoker.java:200)
at org.testng.internal.invokers.TestMethodWorker.invokeTestMethods(TestMethodWorker.java:148)
at org.testng.internal.invokers.TestMethodWorker.run(TestMethodWorker.java:128)
at java.base/java.util.ArrayList.forEach(ArrayList.java:1511)
at org.testng.TestRunner.privateRun(TestRunner.java:848)
at org.testng.TestRunner.run(TestRunner.java:621)
at org.testng.SuiteRunner.runTest(SuiteRunner.java:443)
at org.testng.SuiteRunner.runSequentially(SuiteRunner.java:437)
at org.testng.SuiteRunner.privateRun(SuiteRunner.java:397)
at org.testng.SuiteRunner.run(SuiteRunner.java:336)
at org.testng.SuiteRunnerWorker.runSuite(SuiteRunnerWorker.java:52)
at org.testng.SuiteRunnerWorker.run(SuiteRunnerWorker.java:95)
at org.testng.TestNG.runSuitesSequentially(TestNG.java:1280)
at org.testng.TestNG.runSuitesLocally(TestNG.java:1200)
at org.testng.TestNG.runSuites(TestNG.java:1114)
at org.testng.TestNG.run(TestNG.java:1082)
at org.apache.maven.surefire.testng.TestNGExecutor.run(TestNGExecutor.java:308)
at org.apache.maven.surefire.testng.TestNGXmlTestSuite.execute(TestNGXmlTestSuite.java:71)
at org.apache.maven.surefire.testng.TestNGProvider.invoke(TestNGProvider.java:113)
at org.apache.maven.surefire.booter.ForkedBooter.runSuitesInProcess(ForkedBooter.java:385)
at org.apache.maven.surefire.booter.ForkedBooter.execute(ForkedBooter.java:162)
at org.apache.maven.surefire.booter.ForkedBooter.run(ForkedBooter.java:507)
at org.apache.maven.surefire.booter.ForkedBooter.main(ForkedBooter.java:495)
]]>
            </full-stacktrace>
          </exception> <!-- java.lang.AssertionError -->
          <reporter-output>
          </reporter-output>
        </test-method> <!-- Verify -->
        <test-method is-config="true" signature="getResult(org.testng.ITestResult)[pri:0, instance:SeleniumTopic.Selenium_Suite_parallel@5fe94a96]" started-at="2025-05-19T15:52:12 IST" name="getResult" finished-at="2025-05-19T15:52:13 IST" duration-ms="281" status="PASS">
          <params>
            <param index="0">
              <value>
                <![CDATA[[TestResult name=Verify status=SKIP method=Selenium_Suite_parallel.Verify()[pri:5, instance:SeleniumTopic.Selenium_Suite_parallel@5fe94a96] output={null}]]]>
              </value>
            </param>
          </params>
          <reporter-output>
          </reporter-output>
        </test-method> <!-- getResult -->
        <test-method is-config="true" signature="Setup(java.lang.String)[pri:0, instance:SeleniumTopic.Selenium_Suite_parallel@5fe94a96]" started-at="2025-05-19T15:52:13 IST" name="Setup" finished-at="2025-05-19T15:52:14 IST" duration-ms="1606" status="PASS">
          <params>
            <param index="0">
              <value>
                <![CDATA[Chrome]]>
              </value>
            </param>
          </params>
          <reporter-output>
          </reporter-output>
        </test-method> <!-- Setup -->
        <test-method signature="Verify()[pri:5, instance:SeleniumTopic.Selenium_Suite_parallel@5fe94a96]" started-at="2025-05-19T15:52:14 IST" name="Verify" finished-at="2025-05-19T15:52:14 IST" duration-ms="5" status="FAIL">
          <exception class="java.lang.AssertionError">
            <message>
              <![CDATA[The following asserts failed:
First failure,
Second failure]]>
            </message>
            <full-stacktrace>
              <![CDATA[java.lang.AssertionError: The following asserts failed:
First failure,
Second failure
at org.testng.asserts.SoftAssert.assertAll(SoftAssert.java:46)
at org.testng.asserts.SoftAssert.assertAll(SoftAssert.java:30)
at SeleniumTopic.Selenium_Suite_parallel.Verify(Selenium_Suite_parallel.java:220)
at java.base/jdk.internal.reflect.DirectMethodHandleAccessor.invoke(DirectMethodHandleAccessor.java:104)
at java.base/java.lang.reflect.Method.invoke(Method.java:578)
at org.testng.internal.invokers.MethodInvocationHelper.invokeMethod(MethodInvocationHelper.java:139)
at org.testng.internal.invokers.TestInvoker.invokeMethod(TestInvoker.java:664)
at org.testng.internal.invokers.TestInvoker.retryFailed(TestInvoker.java:248)
at org.testng.internal.invokers.MethodRunner.runInSequence(MethodRunner.java:62)
at org.testng.internal.invokers.TestInvoker$MethodInvocationAgent.invoke(TestInvoker.java:957)
at org.testng.internal.invokers.TestInvoker.invokeTestMethods(TestInvoker.java:200)
at org.testng.internal.invokers.TestMethodWorker.invokeTestMethods(TestMethodWorker.java:148)
at org.testng.internal.invokers.TestMethodWorker.run(TestMethodWorker.java:128)
at java.base/java.util.ArrayList.forEach(ArrayList.java:1511)
at org.testng.TestRunner.privateRun(TestRunner.java:848)
at org.testng.TestRunner.run(TestRunner.java:621)
at org.testng.SuiteRunner.runTest(SuiteRunner.java:443)
at org.testng.SuiteRunner.runSequentially(SuiteRunner.java:437)
at org.testng.SuiteRunner.privateRun(SuiteRunner.java:397)
at org.testng.SuiteRunner.run(SuiteRunner.java:336)
at org.testng.SuiteRunnerWorker.runSuite(SuiteRunnerWorker.java:52)
at org.testng.SuiteRunnerWorker.run(SuiteRunnerWorker.java:95)
at org.testng.TestNG.runSuitesSequentially(TestNG.java:1280)
at org.testng.TestNG.runSuitesLocally(TestNG.java:1200)
at org.testng.TestNG.runSuites(TestNG.java:1114)
at org.testng.TestNG.run(TestNG.java:1082)
at org.apache.maven.surefire.testng.TestNGExecutor.run(TestNGExecutor.java:308)
at org.apache.maven.surefire.testng.TestNGXmlTestSuite.execute(TestNGXmlTestSuite.java:71)
at org.apache.maven.surefire.testng.TestNGProvider.invoke(TestNGProvider.java:113)
at org.apache.maven.surefire.booter.ForkedBooter.runSuitesInProcess(ForkedBooter.java:385)
at org.apache.maven.surefire.booter.ForkedBooter.execute(ForkedBooter.java:162)
at org.apache.maven.surefire.booter.ForkedBooter.run(ForkedBooter.java:507)
at org.apache.maven.surefire.booter.ForkedBooter.main(ForkedBooter.java:495)
]]>
            </full-stacktrace>
          </exception> <!-- java.lang.AssertionError -->
          <reporter-output>
          </reporter-output>
        </test-method> <!-- Verify -->
        <test-method is-config="true" signature="getResult(org.testng.ITestResult)[pri:0, instance:SeleniumTopic.Selenium_Suite_parallel@5fe94a96]" started-at="2025-05-19T15:52:14 IST" name="getResult" finished-at="2025-05-19T15:52:15 IST" duration-ms="619" status="PASS">
          <params>
            <param index="0">
              <value>
                <![CDATA[[TestResult name=Verify status=FAILURE method=Selenium_Suite_parallel.Verify()[pri:5, instance:SeleniumTopic.Selenium_Suite_parallel@5fe94a96] output={null}]]]>
              </value>
            </param>
          </params>
          <reporter-output>
          </reporter-output>
        </test-method> <!-- getResult -->
        <test-method is-config="true" signature="Setup(java.lang.String)[pri:0, instance:SeleniumTopic.Selenium_Suite_parallel@5fe94a96]" started-at="2025-05-19T15:52:15 IST" name="Setup" finished-at="2025-05-19T15:52:16 IST" duration-ms="1347" status="PASS">
          <params>
            <param index="0">
              <value>
                <![CDATA[Chrome]]>
              </value>
            </param>
          </params>
          <reporter-output>
          </reporter-output>
        </test-method> <!-- Setup -->
        <test-method signature="rightClick()[pri:6, instance:SeleniumTopic.Selenium_Suite_parallel@5fe94a96]" started-at="2025-05-19T15:52:16 IST" name="rightClick" finished-at="2025-05-19T15:52:26 IST" duration-ms="9680" status="PASS">
          <reporter-output>
          </reporter-output>
        </test-method> <!-- rightClick -->
        <test-method is-config="true" signature="getResult(org.testng.ITestResult)[pri:0, instance:SeleniumTopic.Selenium_Suite_parallel@5fe94a96]" started-at="2025-05-19T15:52:26 IST" name="getResult" finished-at="2025-05-19T15:52:28 IST" duration-ms="2409" status="PASS">
          <params>
            <param index="0">
              <value>
                <![CDATA[[TestResult name=rightClick status=SUCCESS method=Selenium_Suite_parallel.rightClick()[pri:6, instance:SeleniumTopic.Selenium_Suite_parallel@5fe94a96] output={null}]]]>
              </value>
            </param>
          </params>
          <reporter-output>
          </reporter-output>
        </test-method> <!-- getResult -->
        <test-method is-config="true" signature="endReport()[pri:0, instance:SeleniumTopic.Selenium_Suite_parallel@5fe94a96]" started-at="2025-05-19T15:52:28 IST" name="endReport" finished-at="2025-05-19T15:52:30 IST" duration-ms="1763" status="PASS">
          <reporter-output>
          </reporter-output>
        </test-method> <!-- endReport -->
      </class> <!-- SeleniumTopic.Selenium_Suite_parallel -->
    </test> <!-- Run on Chrome -->
  </suite> <!-- All Test Suite -->
</testng-results>
