<?xml version="1.0" encoding="UTF-8"?>
<!-- Generated by org.testng.reporters.JUnitXMLReporter -->
<testsuite ignored="0" hostname="DESKTOP-GVPIIJD" failures="1" tests="11" name="Run on Chrome" time="322.321" errors="0" timestamp="2025-05-19T15:52:30 IST">
  <testcase classname="SeleniumTopic.Selenium_Suite_parallel" name="Scroll_using_javascript" time="17.611"/>
  <testcase classname="SeleniumTopic.Selenium_Suite_parallel" name="Scroll_using_javascript_bottom_page" time="5.027"/>
  <testcase classname="SeleniumTopic.Selenium_Suite_parallel" name="Scroll_using_javascript_specific_pixels" time="180.039">
    <skipped/>
  </testcase> <!-- Scroll_using_javascript_specific_pixels -->
  <testcase classname="SeleniumTopic.Selenium_Suite_parallel" name="Scroll_using_javascript_specific_pixels" time="24.185"/>
  <testcase classname="SeleniumTopic.Selenium_Suite_parallel" name="DragAndDrop" time="8.978"/>
  <testcase classname="SeleniumTopic.Selenium_Suite_parallel" name="DragAndDrop" time="13.631"/>
  <testcase classname="SeleniumTopic.Selenium_Suite_parallel" name="Verify" time="0.015">
    <skipped/>
  </testcase> <!-- Verify -->
  <testcase classname="SeleniumTopic.Selenium_Suite_parallel" name="Verify" time="0.003">
    <skipped/>
  </testcase> <!-- Verify -->
  <testcase classname="SeleniumTopic.Selenium_Suite_parallel" name="Verify" time="0.002">
    <skipped/>
  </testcase> <!-- Verify -->
  <testcase classname="SeleniumTopic.Selenium_Suite_parallel" name="Verify" time="0.005">
    <failure type="java.lang.AssertionError" message="The following asserts failed:
	First failure,
	Second failure">
      <![CDATA[java.lang.AssertionError: The following asserts failed:
First failure,
Second failure
at SeleniumTopic.Selenium_Suite_parallel.Verify(Selenium_Suite_parallel.java:220)
at java.base/java.util.ArrayList.forEach(ArrayList.java:1511)
... Removed 31 stack frames]]>
    </failure>
  </testcase> <!-- Verify -->
  <testcase classname="SeleniumTopic.Selenium_Suite_parallel" name="rightClick" time="9.68"/>
</testsuite> <!-- Run on Chrome -->
